c:\users\michael.mckechnie\documents\visual studio 2010\projects\experiments\experimentlib\debug\experimentlib.pch
c:\users\michael.mckechnie\documents\visual studio 2010\projects\experiments\experimentlib\debug\stdafx.obj
c:\users\michael.mckechnie\documents\visual studio 2010\projects\experiments\experimentlib\debug\vc100.pdb
c:\users\michael.mckechnie\documents\visual studio 2010\projects\experiments\experimentlib\debug\stringsorter.obj
c:\users\michael.mckechnie\documents\visual studio 2010\projects\experiments\debug\experimentlib.lib
c:\users\michael.mckechnie\documents\visual studio 2010\projects\experiments\debug\experimentlib.exp
c:\users\michael.mckechnie\documents\visual studio 2010\projects\experiments\debug\experimentlib.ilk
c:\users\michael.mckechnie\documents\visual studio 2010\projects\experiments\debug\experimentlib.dll
c:\users\michael.mckechnie\documents\visual studio 2010\projects\experiments\experimentlib\debug\experimentlib.dll.intermediate.manifest
c:\users\michael.mckechnie\documents\visual studio 2010\projects\experiments\debug\experimentlib.pdb
c:\users\michael.mckechnie\documents\visual studio 2010\projects\experiments\experimentlib\debug\experimentlib.dll.embed.manifest
c:\users\michael.mckechnie\documents\visual studio 2010\projects\experiments\experimentlib\debug\app.res
c:\users\michael.mckechnie\documents\visual studio 2010\projects\experiments\experimentlib\debug\experimentlib.dll.embed.manifest.res
c:\data\src\experiments\experimentlib\debug\experimentlib.pch
c:\data\src\experiments\experimentlib\debug\vc120.pdb
c:\data\src\experiments\experimentlib\debug\vc120.idb
c:\data\src\experiments\experimentlib\debug\stdafx.obj
c:\data\src\experiments\experimentlib\debug\stringsorter.obj
c:\data\src\experiments\experimentlib\debug\app.res
c:\data\src\experiments\experimentlib\debug\experimentlib.vcxprojresolveassemblyreference.cache
c:\data\src\experiments\experimentlib\debug\cl.command.1.tlog
c:\data\src\experiments\experimentlib\debug\cl.read.1.tlog
c:\data\src\experiments\experimentlib\debug\cl.write.1.tlog
c:\data\src\experiments\experimentlib\debug\experimentlib.write.1.tlog
c:\data\src\experiments\experimentlib\debug\link-cvtres.read.1.tlog
c:\data\src\experiments\experimentlib\debug\link-cvtres.write.1.tlog
c:\data\src\experiments\experimentlib\debug\link.command.1.tlog
c:\data\src\experiments\experimentlib\debug\link.read.1.tlog
c:\data\src\experiments\experimentlib\debug\link.write.1.tlog
c:\data\src\experiments\experimentlib\debug\mt.command.1.tlog
c:\data\src\experiments\experimentlib\debug\mt.read.1.tlog
c:\data\src\experiments\experimentlib\debug\mt.write.1.tlog
c:\data\src\experiments\experimentlib\debug\rc.command.1.tlog
c:\data\src\experiments\experimentlib\debug\rc.read.1.tlog
c:\data\src\experiments\experimentlib\debug\rc.write.1.tlog
c:\data\src\experiments\experimentlib\debug\experimentlib.dll.embed.manifest
c:\data\src\experiments\experimentlib\debug\experimentlib.dll.intermediate.manifest
c:\data\src\experiments\experimentlib\debug\experimentlib.dll.embed.manifest.res
c:\data\src\experiments\experimentlib\debug\vc100.idb
c:\data\src\experiments\experimentlib\debug\vc100.pdb
c:\data\src\experiments\experimentlib\debug\experimentlib_manifest.rc
c:\data\src\experiments\debug\experimentlib.pdb
c:\data\src\experiments\experimentlib\debug\experimentlib.tlog\cl.command.1.tlog
c:\data\src\experiments\experimentlib\debug\experimentlib.tlog\cl.read.1.tlog
c:\data\src\experiments\experimentlib\debug\experimentlib.tlog\cl.write.1.tlog
c:\data\src\experiments\experimentlib\debug\experimentlib.tlog\link-cvtres.read.1.tlog
c:\data\src\experiments\experimentlib\debug\experimentlib.tlog\link-cvtres.write.1.tlog
c:\data\src\experiments\experimentlib\debug\experimentlib.tlog\link-rc.read.1.tlog
c:\data\src\experiments\experimentlib\debug\experimentlib.tlog\link-rc.write.1.tlog
c:\data\src\experiments\experimentlib\debug\experimentlib.tlog\link.command.1.tlog
c:\data\src\experiments\experimentlib\debug\experimentlib.tlog\link.read.1.tlog
c:\data\src\experiments\experimentlib\debug\experimentlib.tlog\link.write.1.tlog
c:\data\src\experiments\experimentlib\debug\experimentlib.tlog\rc.command.1.tlog
c:\data\src\experiments\experimentlib\debug\experimentlib.tlog\rc.read.1.tlog
c:\data\src\experiments\experimentlib\debug\experimentlib.tlog\rc.write.1.tlog
