c:\users\michael.mckechnie\documents\visual studio 2010\projects\experiments\experiments\debug\experimentmain.obj
c:\users\michael.mckechnie\documents\visual studio 2010\projects\experiments\experiments\debug\vc100.pdb
c:\users\michael.mckechnie\documents\visual studio 2010\projects\experiments\debug\experiments.ilk
c:\users\michael.mckechnie\documents\visual studio 2010\projects\experiments\debug\experiments.exe
c:\users\michael.mckechnie\documents\visual studio 2010\projects\experiments\experiments\debug\experiments.exe.intermediate.manifest
c:\users\michael.mckechnie\documents\visual studio 2010\projects\experiments\debug\experiments.pdb
c:\users\michael.mckechnie\documents\visual studio 2010\projects\experiments\experiments\debug\experiments.exe.embed.manifest
c:\users\michael.mckechnie\documents\visual studio 2010\projects\experiments\experiments\debug\experiments.exe.embed.manifest.res
c:\data\src\experiments\experiments\debug\resolveassemblyreference.cache
c:\data\src\experiments\experiments\debug\experimentmain.obj
c:\data\src\experiments\experiments\debug\cl.command.1.tlog
c:\data\src\experiments\experiments\debug\cl.read.1.tlog
c:\data\src\experiments\experiments\debug\cl.write.1.tlog
c:\data\src\experiments\experiments\debug\experiments.write.1.tlog
c:\data\src\experiments\experiments\debug\link-cvtres.read.1.tlog
c:\data\src\experiments\experiments\debug\link-cvtres.write.1.tlog
c:\data\src\experiments\experiments\debug\link.5972-cvtres.read.1.tlog
c:\data\src\experiments\experiments\debug\link.5972-cvtres.write.1.tlog
c:\data\src\experiments\experiments\debug\link.5972.read.1.tlog
c:\data\src\experiments\experiments\debug\link.5972.write.1.tlog
c:\data\src\experiments\experiments\debug\link.command.1.tlog
c:\data\src\experiments\experiments\debug\link.read.1.tlog
c:\data\src\experiments\experiments\debug\link.write.1.tlog
c:\data\src\experiments\experiments\debug\mt.command.1.tlog
c:\data\src\experiments\experiments\debug\mt.read.1.tlog
c:\data\src\experiments\experiments\debug\mt.write.1.tlog
c:\data\src\experiments\experiments\debug\rc.command.1.tlog
c:\data\src\experiments\experiments\debug\rc.read.1.tlog
c:\data\src\experiments\experiments\debug\rc.write.1.tlog
c:\data\src\experiments\experiments\debug\experiments.exe.embed.manifest
c:\data\src\experiments\experiments\debug\experiments.exe.intermediate.manifest
c:\data\src\experiments\experiments\debug\experiments.exe.embed.manifest.res
c:\data\src\experiments\experiments\debug\vc100.idb
c:\data\src\experiments\experiments\debug\vc100.pdb
c:\data\src\experiments\experiments\debug\experiments_manifest.rc
c:\data\src\experiments\debug\experiments.pdb
c:\data\src\experiments\debug\experiments.exe
c:\data\src\experiments\debug\experiments.ilk
